2021-11-06 17:45:41.228 +0530 [debug] ([34mlogger.js[0m) [31mStarting FDK in node v12.22.7 on darwin[0m
2021-11-06 17:45:42.168 +0530 [debug] ([34msequelize.js[0m) [31msetting up sqilite at "/Users/saifas/Freshworks/DeveloperRelations/DeveloperTools/samples apps on github org/app-placeholder-samples/freshdesk/.fdk/store.sqlite"[0m
2021-11-06 17:45:42.295 +0530 [debug] ([34mindex.js[0m) [31mRunning with args {"cmd":"run","gopts":{},"opts":{},"goptArg":{},"optArg":{},"args":[]}[0m
2021-11-06 17:45:42.296 +0530 [debug] ([34mdata-util.js[0m) [31mRead {"version_details":{"fdkCli":{"version":"7.1.0","dl":"https://dl.freshdev.io/cli/fdk-7.1.0.tgz","cmd":"npm install https://dl.freshdev.io/cli/fdk-7.1.0.tgz -g"},"addon":{"version":"1.9.15","dl":"https://dl.freshdev.io/cli-addon/addon-1.9.15.zip"},"forced_versions":["4.3.6"]},"last_updated":{"time_stamp":1636096507920}}[0m
2021-11-06 17:45:42.296 +0530 [debug] ([34mupdater.js[0m) [31mlast check more than an day ago, looking for updates again[0m
2021-11-06 17:45:42.672 +0530 [debug] ([34mupdater.js[0m) [31mremote fdk - 7.1.0, local fdk - 7.1.0[0m
2021-11-06 17:45:42.673 +0530 [debug] ([34mdata-util.js[0m) [31mRead {"version_details":{"fdkCli":{"version":"7.1.0","dl":"https://dl.freshdev.io/cli/fdk-7.1.0.tgz","cmd":"npm install https://dl.freshdev.io/cli/fdk-7.1.0.tgz -g"},"addon":{"version":"1.9.15","dl":"https://dl.freshdev.io/cli-addon/addon-1.9.15.zip"},"forced_versions":["4.3.6"]},"last_updated":{"time_stamp":1636096507920}}[0m
2021-11-06 17:45:42.673 +0530 [debug] ([34mupdater.js[0m) [31mremote addon - 1.9.15, local addon - 1.9.15[0m
2021-11-06 17:45:42.674 +0530 [debug] ([34mdata-util.js[0m) [31mRead {"version_details":{"fdkCli":{"version":"7.1.0","dl":"https://dl.freshdev.io/cli/fdk-7.1.0.tgz","cmd":"npm install https://dl.freshdev.io/cli/fdk-7.1.0.tgz -g"},"addon":{"version":"1.9.15","dl":"https://dl.freshdev.io/cli-addon/addon-1.9.15.zip"},"forced_versions":["4.3.6"]},"last_updated":{"time_stamp":1636096507920}}[0m
2021-11-06 17:45:42.676 +0530 [debug] ([34mdata-util.js[0m) [31mRead {"version_details":{"fdkCli":{"version":"7.1.0","dl":"https://dl.freshdev.io/cli/fdk-7.1.0.tgz","cmd":"npm install https://dl.freshdev.io/cli/fdk-7.1.0.tgz -g"},"addon":{"version":"1.9.15","dl":"https://dl.freshdev.io/cli-addon/addon-1.9.15.zip"},"forced_versions":["4.3.6"]},"last_updated":{"time_stamp":1636096507920}}[0m
2021-11-06 17:45:42.919 +0530 [debug] ([34mmanifest.js[0m) [31mReloading manifest with {"platform-version":"2.0","product":{"freshdesk":{"location":{"ticket_sidebar":{"url":"views/ticket_details_page/ticket_sidebar.html","icon":"styles/images/helicopter.svg"},"full_page_app":{"url":"views/global_sidebar/fullpage.html","icon":"styles/images/aeroplane.svg"},"cti_global_sidebar":{"url":"views/global_sidebar/cti_global_sidebar.html","icon":"styles/images/aeroplane.svg"},"ticket_requester_info":{"url":"views/new_ticket_page/new_ticket_requester_info.html","icon":"styles/images/aeroplane.svg"},"ticket_top_navigation":{"url":"views/ticket_details_page/ticket_top_navigation.html","icon":"styles/images/aeroplane.svg"},"ticket_attachment":{"url":"views/ticket_details_page/ticket_attachment.html","icon":"styles/images/aeroplane.svg"},"ticket_conversation_editor":{"url":"views/ticket_details_page/ticket_conversation_editor.html","icon":"styles/images/aeroplane.svg"},"ticket_background":{"url":"views/ticket_details_page/ticket_background.html"},"time_entry_background":{"url":"views/ticket_details_page/time_entry_background.html"},"contact_sidebar":{"url":"views/contact_details_page/contact_sidebar.html","icon":"styles/images/aeroplane.svg"},"contact_background":{"url":"views/contact_details_page/contact_background.html","icon":"styles/images/aeroplane.svg"},"contact_list_background":{"url":"views/contact_list_page/contact_list_background.html"},"company_background":{"url":"views/company_details_page/company_background.html"},"company_list_background":{"url":"views/company_list_page/company_list_background.html"},"new_ticket_requester_info":{"url":"views/new_ticket_page/new_ticket_requester_info.html","icon":"styles/images/aeroplane.svg"},"new_ticket_background":{"url":"views/new_ticket_page/new_ticket_background.html","icon":"styles/images/aeroplane.svg"},"new_email_requester_info":{"url":"views/new_email_page/new_email_requester_info.html","icon":"styles/images/aeroplane.svg"},"new_email_background":{"url":"views/new_email_page/new_email_background.html","icon":"styles/images/aeroplane.svg"}}}},"whitelisted-domains":["https://*.freshdesk.com","https://official-joke-api.appspot.com"]}.[0m
2021-11-06 17:45:42.920 +0530 [debug] ([34mmanifest.js[0m) [31mInferred db as features.[0m
2021-11-06 17:45:42.922 +0530 [debug] ([34mdata-util.js[0m) [31mRead {"version_details":{"fdkCli":{"version":"7.1.0","dl":"https://dl.freshdev.io/cli/fdk-7.1.0.tgz","cmd":"npm install https://dl.freshdev.io/cli/fdk-7.1.0.tgz -g"},"addon":{"version":"1.9.15","dl":"https://dl.freshdev.io/cli-addon/addon-1.9.15.zip"},"forced_versions":["4.3.6"]},"last_updated":{"time_stamp":1636200942675}}[0m
2021-11-06 17:45:42.936 +0530 [debug] ([34mdata-util.js[0m) [31mRead {"version_details":{"fdkCli":{"version":"7.1.0","dl":"https://dl.freshdev.io/cli/fdk-7.1.0.tgz","cmd":"npm install https://dl.freshdev.io/cli/fdk-7.1.0.tgz -g"},"addon":{"version":"1.9.15","dl":"https://dl.freshdev.io/cli-addon/addon-1.9.15.zip"},"forced_versions":["4.3.6"]},"last_updated":{"time_stamp":1636200942675}}[0m
2021-11-06 17:45:43.361 +0530 [debug] ([34mfile-util.js[0m) [31mError while requiring /Users/saifas/Freshworks/DeveloperRelations/DeveloperTools/samples apps on github org/app-placeholder-samples/freshdesk/.report.json: Cannot find module '/Users/saifas/Freshworks/DeveloperRelations/DeveloperTools/samples apps on github org/app-placeholder-samples/freshdesk/.report.json'
Require stack:
- /usr/local/lib/node_modules/fdk/lib/utils/file-util.js
- /usr/local/lib/node_modules/fdk/index.js[0m
2021-11-06 17:45:44.347 +0530 [debug] ([34mdata-util.js[0m) [31mRead {"version_details":{"fdkCli":{"version":"7.1.0","dl":"https://dl.freshdev.io/cli/fdk-7.1.0.tgz","cmd":"npm install https://dl.freshdev.io/cli/fdk-7.1.0.tgz -g"},"addon":{"version":"1.9.15","dl":"https://dl.freshdev.io/cli-addon/addon-1.9.15.zip"},"forced_versions":["4.3.6"]},"last_updated":{"time_stamp":1636200942675}}[0m
2021-11-06 17:45:45.081 +0530 [debug] ([34mvalidate.js[0m) [31masked to skip the following validations, [0m
2021-11-06 17:45:45.081 +0530 [debug] ([34mvalidate.js[0m) [31mrunning validator actions[0m
2021-11-06 17:45:45.081 +0530 [debug] ([34mvalidate.js[0m) [31mrunning validator app-dir[0m
2021-11-06 17:45:45.082 +0530 [debug] ([34mvalidate.js[0m) [31mrunning validator config-dir[0m
2021-11-06 17:45:45.082 +0530 [debug] ([34mconfig-dir.js[0m) [31mChecking to see if /Users/saifas/Freshworks/DeveloperRelations/DeveloperTools/samples apps on github org/app-placeholder-samples/freshdesk/config/ exists.[0m
2021-11-06 17:45:45.083 +0530 [debug] ([34mconfig-dir.js[0m) [31mFetched the following config files iparams.json[0m
2021-11-06 17:45:45.083 +0530 [debug] ([34mvalidate.js[0m) [31mrunning validator custom-objects[0m
2021-11-06 17:45:45.083 +0530 [debug] ([34mvalidate.js[0m) [31mrunning validator event[0m
2021-11-06 17:45:45.083 +0530 [debug] ([34mvalidate.js[0m) [31mrunning validator iparam[0m
2021-11-06 17:45:45.085 +0530 [debug] ([34mvalidate.js[0m) [31mskipping validator lint[0m
2021-11-06 17:45:45.085 +0530 [debug] ([34mvalidate.js[0m) [31mrunning validator manifest[0m
2021-11-06 17:45:45.086 +0530 [debug] ([34mmanifest.js[0m) [31mrunning manifest validation with type run_validation[0m
2021-11-06 17:45:45.090 +0530 [debug] ([34mvalidate.js[0m) [31mskipping validator manifest-dependency[0m
2021-11-06 17:45:45.091 +0530 [debug] ([34mvalidate.js[0m) [31mrunning validator oauth[0m
2021-11-06 17:45:45.091 +0530 [debug] ([34mvalidate.js[0m) [31mskipping validator pkgsize[0m
2021-11-06 17:45:45.091 +0530 [debug] ([34mvalidate.js[0m) [31mrunning validator schema[0m
2021-11-06 17:45:45.091 +0530 [debug] ([34mvalidate.js[0m) [31mrunning validator version-check[0m
2021-11-06 17:45:45.092 +0530 [warn] [33m[WARN][0m App was developed in Node.js runtime 10 or below, and is currently being executed in v12.22.7
2021-11-06 17:45:45.100 +0530 [debug] ([34mvalidators.js[0m) [31mValidating manifest with platform version "2.0"[0m
2021-11-06 17:45:47.479 +0530 [debug] ([34mversion-check.js[0m) [31mDeleting coverage folder[0m
2021-11-06 17:46:24.766 +0530 [debug] ([34mlogger.js[0m) [31mStarting FDK in node v12.22.7 on darwin[0m
2021-11-06 17:46:25.241 +0530 [debug] ([34msequelize.js[0m) [31msetting up sqilite at "/Users/saifas/Freshworks/DeveloperRelations/DeveloperTools/samples apps on github org/app-placeholder-samples/freshdesk/.fdk/store.sqlite"[0m
2021-11-06 17:46:25.319 +0530 [debug] ([34mindex.js[0m) [31mRunning with args {"cmd":"run","gopts":{},"opts":{},"goptArg":{},"optArg":{},"args":[]}[0m
2021-11-06 17:46:25.320 +0530 [debug] ([34mdata-util.js[0m) [31mRead {"version_details":{"fdkCli":{"version":"7.1.0","dl":"https://dl.freshdev.io/cli/fdk-7.1.0.tgz","cmd":"npm install https://dl.freshdev.io/cli/fdk-7.1.0.tgz -g"},"addon":{"version":"1.9.15","dl":"https://dl.freshdev.io/cli-addon/addon-1.9.15.zip"},"forced_versions":["4.3.6"]},"last_updated":{"time_stamp":1636200942675}}[0m
2021-11-06 17:46:25.320 +0530 [debug] ([34mupdater.js[0m) [31mlast check less than an day ago, not looking for updates[0m
2021-11-06 17:46:25.469 +0530 [debug] ([34mmanifest.js[0m) [31mReloading manifest with {"platform-version":"2.2","product":{"freshdesk":{"location":{"ticket_sidebar":{"url":"views/ticket_details_page/ticket_sidebar.html","icon":"styles/images/helicopter.svg"},"full_page_app":{"url":"views/global_sidebar/fullpage.html","icon":"styles/images/aeroplane.svg"},"cti_global_sidebar":{"url":"views/global_sidebar/cti_global_sidebar.html","icon":"styles/images/aeroplane.svg"},"ticket_requester_info":{"url":"views/new_ticket_page/new_ticket_requester_info.html","icon":"styles/images/aeroplane.svg"},"ticket_top_navigation":{"url":"views/ticket_details_page/ticket_top_navigation.html","icon":"styles/images/aeroplane.svg"},"ticket_attachment":{"url":"views/ticket_details_page/ticket_attachment.html","icon":"styles/images/aeroplane.svg"},"ticket_conversation_editor":{"url":"views/ticket_details_page/ticket_conversation_editor.html","icon":"styles/images/aeroplane.svg"},"ticket_background":{"url":"views/ticket_details_page/ticket_background.html"},"time_entry_background":{"url":"views/ticket_details_page/time_entry_background.html"},"contact_sidebar":{"url":"views/contact_details_page/contact_sidebar.html","icon":"styles/images/aeroplane.svg"},"contact_background":{"url":"views/contact_details_page/contact_background.html","icon":"styles/images/aeroplane.svg"},"contact_list_background":{"url":"views/contact_list_page/contact_list_background.html"},"company_background":{"url":"views/company_details_page/company_background.html"},"company_list_background":{"url":"views/company_list_page/company_list_background.html"},"new_ticket_requester_info":{"url":"views/new_ticket_page/new_ticket_requester_info.html","icon":"styles/images/aeroplane.svg"},"new_ticket_background":{"url":"views/new_ticket_page/new_ticket_background.html","icon":"styles/images/aeroplane.svg"},"new_email_requester_info":{"url":"views/new_email_page/new_email_requester_info.html","icon":"styles/images/aeroplane.svg"},"new_email_background":{"url":"views/new_email_page/new_email_background.html","icon":"styles/images/aeroplane.svg"}}}},"whitelisted-domains":["https://*.freshdesk.com","https://official-joke-api.appspot.com"],"engines":{"node":"12.22.7","fdk":"7.1.0"}}.[0m
2021-11-06 17:46:25.469 +0530 [debug] ([34mmanifest.js[0m) [31mInferred db as features.[0m
2021-11-06 17:46:25.470 +0530 [debug] ([34mdata-util.js[0m) [31mRead {"version_details":{"fdkCli":{"version":"7.1.0","dl":"https://dl.freshdev.io/cli/fdk-7.1.0.tgz","cmd":"npm install https://dl.freshdev.io/cli/fdk-7.1.0.tgz -g"},"addon":{"version":"1.9.15","dl":"https://dl.freshdev.io/cli-addon/addon-1.9.15.zip"},"forced_versions":["4.3.6"]},"last_updated":{"time_stamp":1636200942675}}[0m
2021-11-06 17:46:25.479 +0530 [debug] ([34mdata-util.js[0m) [31mRead {"version_details":{"fdkCli":{"version":"7.1.0","dl":"https://dl.freshdev.io/cli/fdk-7.1.0.tgz","cmd":"npm install https://dl.freshdev.io/cli/fdk-7.1.0.tgz -g"},"addon":{"version":"1.9.15","dl":"https://dl.freshdev.io/cli-addon/addon-1.9.15.zip"},"forced_versions":["4.3.6"]},"last_updated":{"time_stamp":1636200942675}}[0m
2021-11-06 17:46:26.555 +0530 [debug] ([34mdata-util.js[0m) [31mRead {"version_details":{"fdkCli":{"version":"7.1.0","dl":"https://dl.freshdev.io/cli/fdk-7.1.0.tgz","cmd":"npm install https://dl.freshdev.io/cli/fdk-7.1.0.tgz -g"},"addon":{"version":"1.9.15","dl":"https://dl.freshdev.io/cli-addon/addon-1.9.15.zip"},"forced_versions":["4.3.6"]},"last_updated":{"time_stamp":1636200942675}}[0m
2021-11-06 17:46:27.323 +0530 [debug] ([34mvalidate.js[0m) [31masked to skip the following validations, [0m
2021-11-06 17:46:27.323 +0530 [debug] ([34mvalidate.js[0m) [31mrunning validator actions[0m
2021-11-06 17:46:27.323 +0530 [debug] ([34mvalidate.js[0m) [31mrunning validator app-dir[0m
2021-11-06 17:46:27.324 +0530 [debug] ([34mvalidate.js[0m) [31mrunning validator config-dir[0m
2021-11-06 17:46:27.324 +0530 [debug] ([34mconfig-dir.js[0m) [31mChecking to see if /Users/saifas/Freshworks/DeveloperRelations/DeveloperTools/samples apps on github org/app-placeholder-samples/freshdesk/config/ exists.[0m
2021-11-06 17:46:27.324 +0530 [debug] ([34mconfig-dir.js[0m) [31mFetched the following config files iparams.json[0m
2021-11-06 17:46:27.324 +0530 [debug] ([34mvalidate.js[0m) [31mrunning validator custom-objects[0m
2021-11-06 17:46:27.325 +0530 [debug] ([34mvalidate.js[0m) [31mrunning validator event[0m
2021-11-06 17:46:27.325 +0530 [debug] ([34mvalidate.js[0m) [31mrunning validator iparam[0m
2021-11-06 17:46:27.327 +0530 [debug] ([34mvalidate.js[0m) [31mskipping validator lint[0m
2021-11-06 17:46:27.327 +0530 [debug] ([34mvalidate.js[0m) [31mrunning validator manifest[0m
2021-11-06 17:46:27.327 +0530 [debug] ([34mmanifest.js[0m) [31mrunning manifest validation with type run_validation[0m
2021-11-06 17:46:27.332 +0530 [debug] ([34mvalidate.js[0m) [31mskipping validator manifest-dependency[0m
2021-11-06 17:46:27.332 +0530 [debug] ([34mvalidate.js[0m) [31mrunning validator oauth[0m
2021-11-06 17:46:27.332 +0530 [debug] ([34mvalidate.js[0m) [31mskipping validator pkgsize[0m
2021-11-06 17:46:27.332 +0530 [debug] ([34mvalidate.js[0m) [31mrunning validator schema[0m
2021-11-06 17:46:27.332 +0530 [debug] ([34mvalidate.js[0m) [31mrunning validator version-check[0m
2021-11-06 17:46:27.333 +0530 [debug] ([34mvalidators.js[0m) [31mValidating manifest with platform version "2.2"[0m
2021-11-06 17:46:27.333 +0530 [debug] ([34mrun.js[0m) [31mSkipping Coverage.[0m
2021-11-06 17:46:27.333 +0530 [debug] ([34mcoverage-util.js[0m) [31mSnoozing coverage.[0m
2021-11-06 17:46:27.334 +0530 [debug] ([34mwatcher.js[0m) [31mPreparing to watch the following files ./app,./config,./manifest.json[0m
2021-11-06 17:46:27.341 +0530 [debug] ([34mdata-util.js[0m) [31mRead {}[0m
2021-11-06 17:46:27.341 +0530 [debug] ([34mcustom-objects.js[0m) [31mto force or not? false[0m
2021-11-06 17:46:27.341 +0530 [debug] ([34mcustom-objects.js[0m) [31mbeginning to re-sync db[0m
2021-11-06 17:46:27.434 +0530 [debug] ([34mindex.js[0m) [31mloading model at "/usr/local/lib/node_modules/fdk/lib/models/bigint-pivot.js"[0m
2021-11-06 17:46:27.437 +0530 [debug] ([34mindex.js[0m) [31mloading model at "/usr/local/lib/node_modules/fdk/lib/models/entity-field-choice.js"[0m
2021-11-06 17:46:27.437 +0530 [debug] ([34mindex.js[0m) [31mloading model at "/usr/local/lib/node_modules/fdk/lib/models/entity-field.js"[0m
2021-11-06 17:46:27.438 +0530 [debug] ([34mindex.js[0m) [31mloading model at "/usr/local/lib/node_modules/fdk/lib/models/entity.js"[0m
2021-11-06 17:46:27.439 +0530 [debug] ([34mindex.js[0m) [31mloading model at "/usr/local/lib/node_modules/fdk/lib/models/record.js"[0m
2021-11-06 17:46:27.440 +0530 [debug] ([34mindex.js[0m) [31mloading model at "/usr/local/lib/node_modules/fdk/lib/models/string-pivot.js"[0m
2021-11-06 17:46:27.453 +0530 [debug] ([34mdata-util.js[0m) [31mRead {}[0m
2021-11-06 17:46:27.453 +0530 [debug] ([34mcustom-objects.js[0m) [31mupdated local store with latest entity hash[0m
2021-11-06 17:46:27.454 +0530 [info] Starting local testing server at http://*:10001/    
Append 'dev=true' to your Freshdesk account URL to start testing    
e.g. https://domain.freshdesk.com/a/tickets/1?dev=true    
Quit the server with Control-C.
2021-11-06 17:48:43.764 +0530 [debug] ([34mdata-util.js[0m) [31mRead {}[0m
2021-11-06 17:48:43.766 +0530 [debug] ([34miframe.js[0m) [31mResponding to product with {"configs":{},"displayName":"freshdesk","product":{"freshdesk":{"location":{"ticket_sidebar":{"url":"views/ticket_details_page/ticket_sidebar.html","icon":"styles/images/helicopter.svg"},"full_page_app":{"url":"views/global_sidebar/fullpage.html","icon":"styles/images/aeroplane.svg"},"cti_global_sidebar":{"url":"views/global_sidebar/cti_global_sidebar.html","icon":"styles/images/aeroplane.svg"},"ticket_requester_info":{"url":"views/new_ticket_page/new_ticket_requester_info.html","icon":"styles/images/aeroplane.svg"},"ticket_top_navigation":{"url":"views/ticket_details_page/ticket_top_navigation.html","icon":"styles/images/aeroplane.svg"},"ticket_attachment":{"url":"views/ticket_details_page/ticket_attachment.html","icon":"styles/images/aeroplane.svg"},"ticket_conversation_editor":{"url":"views/ticket_details_page/ticket_conversation_editor.html","icon":"styles/images/aeroplane.svg"},"ticket_background":{"url":"views/ticket_details_page/ticket_background.html"},"time_entry_background":{"url":"views/ticket_details_page/time_entry_background.html"},"contact_sidebar":{"url":"views/contact_details_page/contact_sidebar.html","icon":"styles/images/aeroplane.svg"},"contact_background":{"url":"views/contact_details_page/contact_background.html","icon":"styles/images/aeroplane.svg"},"contact_list_background":{"url":"views/contact_list_page/contact_list_background.html"},"company_background":{"url":"views/company_details_page/company_background.html"},"company_list_background":{"url":"views/company_list_page/company_list_background.html"},"new_ticket_requester_info":{"url":"views/new_ticket_page/new_ticket_requester_info.html","icon":"styles/images/aeroplane.svg"},"new_ticket_background":{"url":"views/new_ticket_page/new_ticket_background.html","icon":"styles/images/aeroplane.svg"},"new_email_requester_info":{"url":"views/new_email_page/new_email_requester_info.html","icon":"styles/images/aeroplane.svg"},"new_email_background":{"url":"views/new_email_page/new_email_background.html","icon":"styles/images/aeroplane.svg"}}}},"features":["db"],"actions":false,"omni":false,"products":["freshdesk"],"platform":"2.2","v2":[]}[0m
2021-11-06 17:48:43.784 +0530 [debug] ([34mdata-util.js[0m) [31mRead {}[0m
2021-11-06 17:48:43.785 +0530 [debug] ([34miframe.js[0m) [31mResponding to product with {"configs":{},"displayName":"freshdesk","product":{"freshdesk":{"location":{"ticket_sidebar":{"url":"views/ticket_details_page/ticket_sidebar.html","icon":"styles/images/helicopter.svg"},"full_page_app":{"url":"views/global_sidebar/fullpage.html","icon":"styles/images/aeroplane.svg"},"cti_global_sidebar":{"url":"views/global_sidebar/cti_global_sidebar.html","icon":"styles/images/aeroplane.svg"},"ticket_requester_info":{"url":"views/new_ticket_page/new_ticket_requester_info.html","icon":"styles/images/aeroplane.svg"},"ticket_top_navigation":{"url":"views/ticket_details_page/ticket_top_navigation.html","icon":"styles/images/aeroplane.svg"},"ticket_attachment":{"url":"views/ticket_details_page/ticket_attachment.html","icon":"styles/images/aeroplane.svg"},"ticket_conversation_editor":{"url":"views/ticket_details_page/ticket_conversation_editor.html","icon":"styles/images/aeroplane.svg"},"ticket_background":{"url":"views/ticket_details_page/ticket_background.html"},"time_entry_background":{"url":"views/ticket_details_page/time_entry_background.html"},"contact_sidebar":{"url":"views/contact_details_page/contact_sidebar.html","icon":"styles/images/aeroplane.svg"},"contact_background":{"url":"views/contact_details_page/contact_background.html","icon":"styles/images/aeroplane.svg"},"contact_list_background":{"url":"views/contact_list_page/contact_list_background.html"},"company_background":{"url":"views/company_details_page/company_background.html"},"company_list_background":{"url":"views/company_list_page/company_list_background.html"},"new_ticket_requester_info":{"url":"views/new_ticket_page/new_ticket_requester_info.html","icon":"styles/images/aeroplane.svg"},"new_ticket_background":{"url":"views/new_ticket_page/new_ticket_background.html","icon":"styles/images/aeroplane.svg"},"new_email_requester_info":{"url":"views/new_email_page/new_email_requester_info.html","icon":"styles/images/aeroplane.svg"},"new_email_background":{"url":"views/new_email_page/new_email_background.html","icon":"styles/images/aeroplane.svg"}}}},"features":["db"],"actions":false,"omni":false,"products":["freshdesk"],"platform":"2.2","v2":[]}[0m
2021-11-06 17:48:43.912 +0530 [debug] ([34miframe.js[0m) [31mResponding with contents of /views/global_sidebar/cti_global_sidebar.html[0m
2021-11-06 17:48:43.915 +0530 [debug] ([34mdata-util.js[0m) [31mRead {}[0m
2021-11-06 17:48:43.915 +0530 [debug] ([34miframe.js[0m) [31mResponding to product with {"configs":{},"displayName":"freshdesk","product":{"freshdesk":{"location":{"ticket_sidebar":{"url":"views/ticket_details_page/ticket_sidebar.html","icon":"styles/images/helicopter.svg"},"full_page_app":{"url":"views/global_sidebar/fullpage.html","icon":"styles/images/aeroplane.svg"},"cti_global_sidebar":{"url":"views/global_sidebar/cti_global_sidebar.html","icon":"styles/images/aeroplane.svg"},"ticket_requester_info":{"url":"views/new_ticket_page/new_ticket_requester_info.html","icon":"styles/images/aeroplane.svg"},"ticket_top_navigation":{"url":"views/ticket_details_page/ticket_top_navigation.html","icon":"styles/images/aeroplane.svg"},"ticket_attachment":{"url":"views/ticket_details_page/ticket_attachment.html","icon":"styles/images/aeroplane.svg"},"ticket_conversation_editor":{"url":"views/ticket_details_page/ticket_conversation_editor.html","icon":"styles/images/aeroplane.svg"},"ticket_background":{"url":"views/ticket_details_page/ticket_background.html"},"time_entry_background":{"url":"views/ticket_details_page/time_entry_background.html"},"contact_sidebar":{"url":"views/contact_details_page/contact_sidebar.html","icon":"styles/images/aeroplane.svg"},"contact_background":{"url":"views/contact_details_page/contact_background.html","icon":"styles/images/aeroplane.svg"},"contact_list_background":{"url":"views/contact_list_page/contact_list_background.html"},"company_background":{"url":"views/company_details_page/company_background.html"},"company_list_background":{"url":"views/company_list_page/company_list_background.html"},"new_ticket_requester_info":{"url":"views/new_ticket_page/new_ticket_requester_info.html","icon":"styles/images/aeroplane.svg"},"new_ticket_background":{"url":"views/new_ticket_page/new_ticket_background.html","icon":"styles/images/aeroplane.svg"},"new_email_requester_info":{"url":"views/new_email_page/new_email_requester_info.html","icon":"styles/images/aeroplane.svg"},"new_email_background":{"url":"views/new_email_page/new_email_background.html","icon":"styles/images/aeroplane.svg"}}}},"features":["db"],"actions":false,"omni":false,"products":["freshdesk"],"platform":"2.2","v2":[]}[0m
2021-11-06 17:48:43.937 +0530 [debug] ([34mdata-util.js[0m) [31mRead {}[0m
2021-11-06 17:48:43.938 +0530 [debug] ([34miframe.js[0m) [31mResponding to product with {"configs":{},"displayName":"freshdesk","product":{"freshdesk":{"location":{"ticket_sidebar":{"url":"views/ticket_details_page/ticket_sidebar.html","icon":"styles/images/helicopter.svg"},"full_page_app":{"url":"views/global_sidebar/fullpage.html","icon":"styles/images/aeroplane.svg"},"cti_global_sidebar":{"url":"views/global_sidebar/cti_global_sidebar.html","icon":"styles/images/aeroplane.svg"},"ticket_requester_info":{"url":"views/new_ticket_page/new_ticket_requester_info.html","icon":"styles/images/aeroplane.svg"},"ticket_top_navigation":{"url":"views/ticket_details_page/ticket_top_navigation.html","icon":"styles/images/aeroplane.svg"},"ticket_attachment":{"url":"views/ticket_details_page/ticket_attachment.html","icon":"styles/images/aeroplane.svg"},"ticket_conversation_editor":{"url":"views/ticket_details_page/ticket_conversation_editor.html","icon":"styles/images/aeroplane.svg"},"ticket_background":{"url":"views/ticket_details_page/ticket_background.html"},"time_entry_background":{"url":"views/ticket_details_page/time_entry_background.html"},"contact_sidebar":{"url":"views/contact_details_page/contact_sidebar.html","icon":"styles/images/aeroplane.svg"},"contact_background":{"url":"views/contact_details_page/contact_background.html","icon":"styles/images/aeroplane.svg"},"contact_list_background":{"url":"views/contact_list_page/contact_list_background.html"},"company_background":{"url":"views/company_details_page/company_background.html"},"company_list_background":{"url":"views/company_list_page/company_list_background.html"},"new_ticket_requester_info":{"url":"views/new_ticket_page/new_ticket_requester_info.html","icon":"styles/images/aeroplane.svg"},"new_ticket_background":{"url":"views/new_ticket_page/new_ticket_background.html","icon":"styles/images/aeroplane.svg"},"new_email_requester_info":{"url":"views/new_email_page/new_email_requester_info.html","icon":"styles/images/aeroplane.svg"},"new_email_background":{"url":"views/new_email_page/new_email_background.html","icon":"styles/images/aeroplane.svg"}}}},"features":["db"],"actions":false,"omni":false,"products":["freshdesk"],"platform":"2.2","v2":[]}[0m
2021-11-06 17:48:44.125 +0530 [debug] ([34miframe.js[0m) [31mResponding with contents of /views/company_details_page/company_background.html[0m
